<?xml version="1.0" encoding="UTF-8"?>
<testng-results ignored="0" total="4" passed="3" failed="1" skipped="0">
  <reporter-output>
  </reporter-output>
  <suite started-at="2024-10-11T06:26:52Z" name="Default suite" finished-at="2024-10-11T06:30:37Z" duration-ms="224496">
    <groups>
    </groups>
    <test started-at="2024-10-11T06:26:52Z" name="Default test" finished-at="2024-10-11T06:30:37Z" duration-ms="224496">
      <class name="main.LoginTest">
        <test-method signature="test(java.lang.String, java.lang.String, java.lang.String)[pri:0, instance:main.LoginTest@359df09a]" started-at="2024-10-11T06:26:55Z" name="test" data-provider="dp" finished-at="2024-10-11T06:28:09Z" duration-ms="74278" status="FAIL">
          <params>
            <param index="0">
              <value>
                <![CDATA[mngr597011]]>
              </value>
            </param>
            <param index="1">
              <value>
                <![CDATA[haduvYn123]]>
              </value>
            </param>
            <param index="2">
              <value>
                <![CDATA[Guru99 Bank Manager HomePage]]>
              </value>
            </param>
          </params>
          <exception class="java.lang.AssertionError">
            <message>
              <![CDATA[expected [Guru99 Bank Manager HomePage] but found [User or Password is not valid]]]>
            </message>
            <full-stacktrace>
              <![CDATA[java.lang.AssertionError: expected [Guru99 Bank Manager HomePage] but found [User or Password is not valid]
at org.testng.Assert.fail(Assert.java:96)
at org.testng.Assert.failNotEquals(Assert.java:776)
at org.testng.Assert.assertEqualsImpl(Assert.java:137)
at org.testng.Assert.assertEquals(Assert.java:118)
at org.testng.Assert.assertEquals(Assert.java:453)
at org.testng.Assert.assertEquals(Assert.java:463)
at main.LoginTest.test(LoginTest.java:30)
at java.base/jdk.internal.reflect.NativeMethodAccessorImpl.invoke0(Native Method)
at java.base/jdk.internal.reflect.NativeMethodAccessorImpl.invoke(NativeMethodAccessorImpl.java:77)
at java.base/jdk.internal.reflect.DelegatingMethodAccessorImpl.invoke(DelegatingMethodAccessorImpl.java:43)
at java.base/java.lang.reflect.Method.invoke(Method.java:568)
at org.testng.internal.MethodInvocationHelper.invokeMethod(MethodInvocationHelper.java:124)
at org.testng.internal.Invoker.invokeMethod(Invoker.java:583)
at org.testng.internal.Invoker.invokeTestMethod(Invoker.java:719)
at org.testng.internal.Invoker.invokeTestMethods(Invoker.java:989)
at org.testng.internal.TestMethodWorker.invokeTestMethods(TestMethodWorker.java:125)
at org.testng.internal.TestMethodWorker.run(TestMethodWorker.java:109)
at org.testng.TestRunner.privateRun(TestRunner.java:648)
at org.testng.TestRunner.run(TestRunner.java:505)
at org.testng.SuiteRunner.runTest(SuiteRunner.java:455)
at org.testng.SuiteRunner.runSequentially(SuiteRunner.java:450)
at org.testng.SuiteRunner.privateRun(SuiteRunner.java:415)
at org.testng.SuiteRunner.run(SuiteRunner.java:364)
at org.testng.SuiteRunnerWorker.runSuite(SuiteRunnerWorker.java:52)
at org.testng.SuiteRunnerWorker.run(SuiteRunnerWorker.java:84)
at org.testng.TestNG.runSuitesSequentially(TestNG.java:1208)
at org.testng.TestNG.runSuitesLocally(TestNG.java:1137)
at org.testng.TestNG.runSuites(TestNG.java:1049)
at org.testng.TestNG.run(TestNG.java:1017)
at org.testng.remote.AbstractRemoteTestNG.run(AbstractRemoteTestNG.java:115)
at org.testng.remote.RemoteTestNG.initAndRun(RemoteTestNG.java:251)
at org.testng.remote.RemoteTestNG.main(RemoteTestNG.java:77)
]]>
            </full-stacktrace>
          </exception> <!-- java.lang.AssertionError -->
          <reporter-output>
          </reporter-output>
        </test-method> <!-- test -->
        <test-method signature="test(java.lang.String, java.lang.String, java.lang.String)[pri:0, instance:main.LoginTest@359df09a]" started-at="2024-10-11T06:28:09Z" name="test" data-provider="dp" finished-at="2024-10-11T06:29:10Z" duration-ms="61001" status="PASS">
          <params>
            <param index="0">
              <value>
                <![CDATA[mngr597011]]>
              </value>
            </param>
            <param index="1">
              <value>
                <![CDATA[haduvYn123]]>
              </value>
            </param>
            <param index="2">
              <value>
                <![CDATA[User or Password is not valid]]>
              </value>
            </param>
          </params>
          <reporter-output>
          </reporter-output>
        </test-method> <!-- test -->
        <test-method signature="test(java.lang.String, java.lang.String, java.lang.String)[pri:0, instance:main.LoginTest@359df09a]" started-at="2024-10-11T06:29:10Z" name="test" data-provider="dp" finished-at="2024-10-11T06:29:41Z" duration-ms="30767" status="PASS">
          <params>
            <param index="0">
              <value>
                <![CDATA[haduvYn]]>
              </value>
            </param>
            <param index="1">
              <value>
                <![CDATA[haduvYn]]>
              </value>
            </param>
            <param index="2">
              <value>
                <![CDATA[User or Password is not valid]]>
              </value>
            </param>
          </params>
          <reporter-output>
          </reporter-output>
        </test-method> <!-- test -->
        <test-method signature="test(java.lang.String, java.lang.String, java.lang.String)[pri:0, instance:main.LoginTest@359df09a]" started-at="2024-10-11T06:29:41Z" name="test" data-provider="dp" finished-at="2024-10-11T06:30:37Z" duration-ms="55919" status="PASS">
          <params>
            <param index="0">
              <value>
                <![CDATA[haduvYn]]>
              </value>
            </param>
            <param index="1">
              <value>
                <![CDATA[haduvYn123]]>
              </value>
            </param>
            <param index="2">
              <value>
                <![CDATA[User or Password is not valid]]>
              </value>
            </param>
          </params>
          <reporter-output>
          </reporter-output>
        </test-method> <!-- test -->
      </class> <!-- main.LoginTest -->
    </test> <!-- Default test -->
  </suite> <!-- Default suite -->
</testng-results>
