<?xml version="1.0" encoding="UTF-8"?>
<!-- Generated by org.testng.reporters.JUnitXMLReporter -->
<testsuite ignored="0" hostname="DESKTOP-KQBH998" failures="1" tests="6" name="Test1" time="0.037" errors="0" timestamp="16 Sep 2024 06:17:11 GMT">
  <testcase classname="basic.Account" name="currentAcoount" time="0.005"/>
  <testcase classname="basic.Account" name="loanAccount" time="0.001"/>
  <testcase classname="basic.Account" name="savingAccount" time="0.001">
    <failure type="java.lang.AssertionError" message="expected [true] but found [false]">
      <![CDATA[java.lang.AssertionError: expected [true] but found [false]
	at basic.Account.savingAccount(Account.java:20)
... Removed 29 stack frames]]>
    </failure>
  </testcase> <!-- savingAccount -->
  <testcase classname="basic.Payment" name="Cod" time="0.0"/>
  <testcase classname="basic.Payment" name="creditCard" time="0.001"/>
  <testcase classname="basic.Payment" name="debitCart" time="0.004"/>
</testsuite> <!-- Test1 -->
